<?xml version="1.0" encoding="UTF-8"?>
<!-- Generated by org.testng.reporters.JUnitXMLReporter -->
<testsuite ignored="0" hostname="LAPTOP-9G9NNS6C" failures="0" tests="3" name="Test" time="20.037" errors="0" timestamp="2021-02-23T21:29:43 ICT">
  <testcase classname="Android.Topic_11_Basic_code" name="TC_01_invalidUsername" time="4.447"/>
  <testcase classname="Android.Topic_11_Basic_code" name="TC_02_invalidPassword" time="2.437"/>
  <testcase classname="Android.Topic_11_Basic_code" name="TC_03_SuccessfulLogin" time="3.757"/>
</testsuite> <!-- Test -->
