<?xml version="1.0" encoding="UTF-8"?>
<testng-results ignored="0" total="2" passed="2" failed="0" skipped="0">
  <reporter-output>
    <line>
      <![CDATA[2021-03-06 23:01:59,557 INFO  Android.Topic_06_SwipeLeft - Appium server already running
]]>
    </line>
    <line>
      <![CDATA[2021-03-06 23:02:08,750 INFO  Android.Topic_06_SwipeLeft - Test With Android
]]>
    </line>
    <line>
      <![CDATA[2021-03-06 23:02:21,926 INFO  Android.Topic_06_SwipeLeft - Appium server stopped
]]>
    </line>
  </reporter-output>
  <suite started-at="2021-03-06T23:01:59 ICT" name="Suite" finished-at="2021-03-06T23:02:21 ICT" duration-ms="22337">
    <groups>
    </groups>
    <test started-at="2021-03-06T23:01:59 ICT" name="Test emulator" finished-at="2021-03-06T23:02:21 ICT" duration-ms="22337">
      <class name="Android.Topic_06_SwipeLeft">
        <test-method is-config="true" signature="beforeSuite()[pri:0, instance:Android.Topic_06_SwipeLeft@2e53b094]" started-at="2021-03-06T23:01:58 ICT" name="beforeSuite" finished-at="2021-03-06T23:01:59 ICT" duration-ms="1071" status="PASS">
          <reporter-output>
            <line>
              <![CDATA[2021-03-06 23:01:59,557 INFO  Android.Topic_06_SwipeLeft - Appium server already running
]]>
            </line>
          </reporter-output>
        </test-method> <!-- beforeSuite -->
        <test-method is-config="true" signature="deleteAllFileInReportNGScreenShot()[pri:0, instance:Android.Topic_06_SwipeLeft@2e53b094]" started-at="2021-03-06T23:01:59 ICT" name="deleteAllFileInReportNGScreenShot" finished-at="2021-03-06T23:01:59 ICT" duration-ms="3" status="PASS">
          <reporter-output>
          </reporter-output>
        </test-method> <!-- deleteAllFileInReportNGScreenShot -->
        <test-method is-config="true" signature="BeforeClass(java.lang.String, java.lang.String, java.lang.String, java.lang.String, java.lang.String, java.lang.String)[pri:0, instance:Android.Topic_06_SwipeLeft@2e53b094]" started-at="2021-03-06T23:01:59 ICT" name="BeforeClass" finished-at="2021-03-06T23:02:08 ICT" duration-ms="9154" status="PASS">
          <params>
            <param index="0">
              <value>
                <![CDATA[true]]>
              </value>
            </param>
            <param index="1">
              <value>
                <![CDATA[Android]]>
              </value>
            </param>
            <param index="2">
              <value>
                <![CDATA[9.0]]>
              </value>
            </param>
            <param index="3">
              <value>
                <![CDATA[1876ca52]]>
              </value>
            </param>
            <param index="4">
              <value>
                <![CDATA[Pixel_XL_API_28]]>
              </value>
            </param>
            <param index="5">
              <value>
                <![CDATA[https://tiki.vn/]]>
              </value>
            </param>
          </params>
          <reporter-output>
            <line>
              <![CDATA[2021-03-06 23:02:08,750 INFO  Android.Topic_06_SwipeLeft - Test With Android
]]>
            </line>
          </reporter-output>
        </test-method> <!-- BeforeClass -->
        <test-method is-config="true" signature="beforeMethod()[pri:0, instance:Android.Topic_06_SwipeLeft@2e53b094]" started-at="2021-03-06T23:02:08 ICT" name="beforeMethod" finished-at="2021-03-06T23:02:09 ICT" duration-ms="631" status="PASS">
          <reporter-output>
          </reporter-output>
        </test-method> <!-- beforeMethod -->
        <test-method signature="TC_01_Login_Successfully(java.lang.String)[pri:0, instance:Android.Topic_06_SwipeLeft@2e53b094]" started-at="2021-03-06T23:02:09 ICT" name="TC_01_Login_Successfully" finished-at="2021-03-06T23:02:14 ICT" duration-ms="4986" status="PASS">
          <params>
            <param index="0">
              <value>
                <![CDATA[Android]]>
              </value>
            </param>
          </params>
          <reporter-output>
          </reporter-output>
        </test-method> <!-- TC_01_Login_Successfully -->
        <test-method is-config="true" signature="afterMethod(org.testng.ITestResult)[pri:0, instance:Android.Topic_06_SwipeLeft@2e53b094]" started-at="2021-03-06T23:02:14 ICT" name="afterMethod" finished-at="2021-03-06T23:02:15 ICT" duration-ms="896" status="PASS">
          <params>
            <param index="0">
              <value>
                <![CDATA[[TestResult name=TC_01_Login_Successfully status=SUCCESS method=Topic_06_SwipeLeft.TC_01_Login_Successfully(java.lang.String)[pri:0, instance:Android.Topic_06_SwipeLeft@2e53b094] output={null}]]]>
              </value>
            </param>
          </params>
          <reporter-output>
          </reporter-output>
        </test-method> <!-- afterMethod -->
        <test-method is-config="true" signature="beforeMethod()[pri:0, instance:Android.Topic_06_SwipeLeft@2e53b094]" started-at="2021-03-06T23:02:15 ICT" name="beforeMethod" finished-at="2021-03-06T23:02:16 ICT" duration-ms="527" status="PASS">
          <reporter-output>
          </reporter-output>
        </test-method> <!-- beforeMethod -->
        <test-method signature="TC_02_Filter()[pri:0, instance:Android.Topic_06_SwipeLeft@2e53b094]" started-at="2021-03-06T23:02:16 ICT" name="TC_02_Filter" finished-at="2021-03-06T23:02:20 ICT" duration-ms="4951" status="PASS">
          <reporter-output>
          </reporter-output>
        </test-method> <!-- TC_02_Filter -->
        <test-method is-config="true" signature="afterMethod(org.testng.ITestResult)[pri:0, instance:Android.Topic_06_SwipeLeft@2e53b094]" started-at="2021-03-06T23:02:20 ICT" name="afterMethod" finished-at="2021-03-06T23:02:21 ICT" duration-ms="925" status="PASS">
          <params>
            <param index="0">
              <value>
                <![CDATA[[TestResult name=TC_02_Filter status=SUCCESS method=Topic_06_SwipeLeft.TC_02_Filter()[pri:0, instance:Android.Topic_06_SwipeLeft@2e53b094] output={null}]]]>
              </value>
            </param>
          </params>
          <reporter-output>
          </reporter-output>
        </test-method> <!-- afterMethod -->
        <test-method is-config="true" signature="afterSuite()[pri:0, instance:Android.Topic_06_SwipeLeft@2e53b094]" started-at="2021-03-06T23:02:21 ICT" name="afterSuite" finished-at="2021-03-06T23:02:21 ICT" duration-ms="1" status="PASS">
          <reporter-output>
            <line>
              <![CDATA[2021-03-06 23:02:21,926 INFO  Android.Topic_06_SwipeLeft - Appium server stopped
]]>
            </line>
          </reporter-output>
        </test-method> <!-- afterSuite -->
      </class> <!-- Android.Topic_06_SwipeLeft -->
    </test> <!-- Test emulator -->
  </suite> <!-- Suite -->
</testng-results>
